<?xml version="1.0" encoding="UTF-8"?>
<!-- Generated by org.testng.reporters.JUnitReportReporter -->
<testsuite hostname="Badris-MacBook-Pro.local" failures="0" tests="1" name="first.FreshworksTest" time="6.577" errors="0" timestamp="2023-10-01T10:38:32 IST" skipped="0">
  <testcase classname="first.FreshworksTest" name="login" time="6.577"/>
</testsuite> <!-- first.FreshworksTest -->
