<?xml version="1.0" encoding="UTF-8"?>
<!-- Generated by org.testng.reporters.JUnitReportReporter -->
<testsuite hostname="Badris-MacBook-Pro.local" failures="0" tests="1" name="first.FreshworksTest" time="10.626" errors="0" timestamp="2023-10-01T11:11:34 IST" skipped="0">
  <testcase classname="first.FreshworksTest" name="login" time="10.626"/>
</testsuite> <!-- first.FreshworksTest -->
